<?xml version="1.0" encoding="UTF-8"?>
<!-- Generated by org.testng.reporters.JUnitXMLReporter -->
<testsuite ignored="0" hostname="admin-1" failures="0" tests="6" name="Default test" time="14.674" errors="0" timestamp="2019-12-12T14:51:29 IST">
  <testcase classname="com.bridgelabz.fundoo.restassured.ServiceImplRestAssuredTest" name="addUserApiTest" time="9.73"/>
  <testcase classname="com.bridgelabz.fundoo.restassured.ServiceImplRestAssuredTest" name="forgetPasswordTest" time="4.64"/>
  <testcase classname="com.bridgelabz.fundoo.restassured.ServiceImplRestAssuredTest" name="loginApiTest" time="0.186"/>
  <testcase classname="com.bridgelabz.fundoo.restassured.ServiceImplRestAssuredTest" name="resetPasswordTest" time="0.031"/>
  <testcase classname="com.bridgelabz.fundoo.restassured.ServiceImplRestAssuredTest" name="searchAllUserApiTest" time="0.028"/>
  <testcase classname="com.bridgelabz.fundoo.restassured.ServiceImplRestAssuredTest" name="searchUserApiTest" time="0.02"/>
</testsuite> <!-- Default test -->
